2025-06-15 13:05:29,362 - INFO - Генерация статьи на ua
2025-06-15 13:05:29,363 - INFO - Выбрана тема: Догляд за акумуляторами LiPo (категория: обладнання)
2025-06-15 13:05:55,587 - INFO - Статья сгенерирована успешно (попытка 1)
2025-06-15 13:05:55,631 - INFO - Генерация статьи на ru
2025-06-15 13:05:55,631 - INFO - Выбрана тема: Диагностика неисправностей приводов (категория: техническое)
2025-06-15 13:06:19,969 - INFO - Статья сгенерирована успешно (попытка 1)
2025-06-15 13:10:26,061 - INFO - Конфигурация загружена из config.json
2025-06-15 13:10:30,849 - INFO - Генерация статьи на ua
2025-06-15 13:10:30,849 - INFO - Выбрана тема: Вибір оптичного прицілу (категория: обладнання)
2025-06-15 13:10:53,317 - INFO - Статья сгенерирована успешно (попытка 1)
2025-06-15 13:10:53,321 - INFO - Генерация статьи на ru
2025-06-15 13:10:53,321 - INFO - Выбрана тема: Тактика ведения боя в CQB (категория: тактика)
2025-06-15 13:11:15,018 - INFO - Статья сгенерирована успешно (попытка 1)
2025-06-15 13:15:35,362 - INFO - Конфигурация загружена из config.json
2025-06-15 13:15:37,773 - INFO - Генерация статьи на ua
2025-06-15 13:15:37,774 - INFO - Выбрана тема: Позиціонування та переміщення в команді (категория: тактика)
2025-06-15 13:16:02,350 - INFO - Статья сгенерирована успешно (попытка 1)
2025-06-15 13:16:02,351 - INFO - Проверка качества для ua: валидация=НЕ пройдена
2025-06-15 13:16:02,351 - WARNING - Ошибки валидации: ['Отсутствуют обязательные элементы: 6мм']
2025-06-15 13:16:02,358 - INFO - Генерация статьи на ru
2025-06-15 13:16:02,358 - INFO - Выбрана тема: Системы разгрузки и ношения снаряжения (категория: снаряжение)
2025-06-15 13:16:23,409 - INFO - Статья сгенерирована успешно (попытка 1)
2025-06-15 13:16:23,410 - INFO - Проверка качества для ru: валидация=НЕ пройдена
2025-06-15 13:16:23,410 - WARNING - Ошибки валидации: ['Отсутствуют обязательные элементы: 6мм']
2025-06-15 13:24:52,498 - INFO - Конфигурация загружена из config.json
2025-06-15 13:24:56,399 - INFO - Выбранная тема: UA='Тюнінг внутрішніх деталей приводу' / RU='Тюнинг внутренних деталей привода'
2025-06-15 13:24:56,399 - INFO - Категории: UA='технічне' / RU='техническое'
2025-06-15 13:24:56,399 - INFO - Генерация статьи на ua: Тюнінг внутрішніх деталей приводу
2025-06-15 13:25:20,439 - INFO - Статья сгенерирована успешно (попытка 1)
2025-06-15 13:25:20,439 - INFO - Проверка качества для ua: валидация=пройдена
2025-06-15 13:25:20,446 - INFO - Генерация статьи на ru: Тюнинг внутренних деталей привода
2025-06-15 13:25:39,430 - INFO - Статья сгенерирована успешно (попытка 1)
2025-06-15 13:25:39,430 - INFO - Проверка качества для ru: валидация=пройдена
2025-06-15 13:40:17,443 - INFO - Конфигурация загружена из config.json
